{"level":"info","message":"Hello world","timestamp":"6:45:53 PM"}
{"level":"warn","message":"Warning message","timestamp":"6:45:53 PM"}
{"level":"debug","message":"Debugging info","timestamp":"6:45:53 PM"}
{"level":"info","message":"MOW","timestamp":"6:52:29 PM"}
{"level":"info","message":"MOW","timestamp":"6:52:30 PM"}
{"level":"info","message":"MOW","timestamp":"6:52:31 PM"}
{"level":"info","message":"MOW","timestamp":"6:52:32 PM"}
{"level":"info","message":"MOW","timestamp":"6:52:33 PM"}
{"level":"info","message":"MOW","timestamp":"6:52:34 PM"}
{"level":"info","message":"x:0.54349y:0.11730z:+0.87975","timestamp":"6:54:37 PM"}
{"level":"info","message":"x:0.54740y:0.12903z:+-0.80546","timestamp":"6:54:38 PM"}
{"level":"info","message":"x:0.60996y:0.41055z:+-0.50048","timestamp":"6:54:39 PM"}
{"level":"info","message":"x:-0.41055y:0.64906z:+-0.53567","timestamp":"6:54:40 PM"}
{"level":"info","message":"x:0.09384y:0.19941z:+-0.97359","timestamp":"6:54:41 PM"}
{"level":"info","message":"x:0.61778y:-0.22678z:+1.14954","timestamp":"6:54:42 PM"}
{"level":"info","message":"x:0.12512y:0.63733z:+0.80155","timestamp":"6:54:43 PM"}
{"level":"info","message":"x:0.64906y:-0.70380z:+0.36754","timestamp":"6:54:44 PM"}
{"level":"info","message":"x:0.41446y:-0.69598z:+0.63733","timestamp":"6:54:45 PM"}
{"level":"info","message":"x:0.90712y:0.25806z:+-0.39100","timestamp":"6:54:46 PM"}
{"level":"info","message":"x:0.98141y:0.13294z:+-0.35581","timestamp":"6:54:47 PM"}
{"level":"info","message":"x:0.93449y:0.10166z:+-0.40664","timestamp":"6:54:48 PM"}
